Base path: 'D:/MyGame/Unity/Editor/Data', plugins path 'D:/MyGame/Unity/Editor/Data/PlaybackEngines'
Cmd: initializeCompiler
Cmd: compileComputeKernel
  api=18 insize=2059 outsize=5551 ok=1
Cmd: compileComputeKernel
  api=4 insize=3070 outsize=48128 ok=1
Cmd: compileComputeKernel
  api=4 insize=10881 outsize=10585 ok=1
Cmd: compileComputeKernel
  api=18 insize=4855 outsize=24708 ok=1
Cmd: compileComputeKernel
  api=4 insize=3396 outsize=2521 ok=1
Cmd: compileComputeKernel
  api=18 insize=18299 outsize=56346 ok=1
Cmd: compileComputeKernel
  api=4 insize=18299 outsize=10714 ok=1
Cmd: compileComputeKernel
  api=4 insize=5435 outsize=6437 ok=1
Cmd: compileComputeKernel
  api=4 insize=3072 outsize=1324 ok=1
Cmd: compileSnippet
  api=4 type=0 insize=1499 outsize=558 kw= pd=UNITY_NO_DXT5nm UNITY_ENABLE_REFLECTION_BUFFERS UNITY_NO_CUBEMAP_ARRAY UNITY_NO_SCREENSPACE_SHADOWS UNITY_PBS_USE_BRDF2 SHADER_API_DESKTOP UNITY_HARDWARE_TIER3 UNITY_COLORSPACE_GAMMA UNITY_LIGHTMAP_DLDR_ENCODING ok=1
Cmd: initializeCompiler
Cmd: compileSnippet
  api=4 type=1 insize=934 outsize=282 kw= pd=UNITY_NO_DXT5nm UNITY_ENABLE_REFLECTION_BUFFERS UNITY_NO_CUBEMAP_ARRAY UNITY_NO_SCREENSPACE_SHADOWS UNITY_PBS_USE_BRDF2 SHADER_API_DESKTOP UNITY_HARDWARE_TIER3 UNITY_COLORSPACE_GAMMA UNITY_LIGHTMAP_DLDR_ENCODING ok=1
